LudoGame/app/build/intermediates/manifest_merge_blame_file/debug/manifest-merger-blame-debug-report.txt
1<?xml version="1.0" encoding="utf-8"?>
2<manifest xmlns:android="http://schemas.android.com/apk/res/android"
3    package="com.afridi.ludo"
4    android:versionCode="1"
5    android:versionName="1.0" >
6
7    <uses-sdk
8        android:minSdkVersion="26"
8-->src\main\AndroidManifest.xml
9        android:targetSdkVersion="30" />
9-->src\main\AndroidManifest.xml
10
11    <application
11-->src\main\AndroidManifest.xml:5:5-33:19
12        android:allowBackup="true"
12-->src\main\AndroidManifest.xml:6:9-35
13        android:appComponentFactory="androidx.core.app.CoreComponentFactory"
13-->[androidx.core:core:1.3.1] AndroidManifest.xml:24:18-86
14        android:debuggable="true"
15        android:extractNativeLibs="false"
16        android:icon="@drawable/ic_logo"
16-->src\main\AndroidManifest.xml:7:9-41
17        android:label="@string/app_name"
17-->src\main\AndroidManifest.xml:8:9-41
18        android:supportsRtl="true"
18-->src\main\AndroidManifest.xml:9:9-35
19        android:testOnly="true"
20        android:theme="@style/AppTheme" >
20-->src\main\AndroidManifest.xml:10:9-40
21        <activity android:name="com.afridi.ludo.PlayerSelect" >
21-->src\main\AndroidManifest.xml:11:9-18:20
21-->src\main\AndroidManifest.xml:11:19-47
22            <intent-filter>
22-->src\main\AndroidManifest.xml:13:13-17:29
23                <action android:name="android.intent.action.MAIN" />
23-->src\main\AndroidManifest.xml:14:17-69
23-->src\main\AndroidManifest.xml:14:25-66
24
25                <category android:name="android.intent.category.LAUNCHER" />
25-->src\main\AndroidManifest.xml:16:17-77
25-->src\main\AndroidManifest.xml:16:27-74
26            </intent-filter>
27        </activity>
28        <activity android:name="com.afridi.ludo.Game" />
28-->src\main\AndroidManifest.xml:19:9-42
28-->src\main\AndroidManifest.xml:19:19-39
29        <!-- <activity android:name=".PlayerSelect" /> -->
30
31            android:name=".winRed"
32            android:label="@string/title_activity_game_over_red" />
33        <activity
33-->src\main\AndroidManifest.xml:24:9-26:70
34            android:name="com.afridi.ludo.winGreen"
34-->src\main\AndroidManifest.xml:25:13-37
35            android:label="@string/title_activity_game_over_green" />
35-->src\main\AndroidManifest.xml:26:13-67
36        <activity
36-->src\main\AndroidManifest.xml:27:9-29:69
37            android:name="com.afridi.ludo.winBlue"
37-->src\main\AndroidManifest.xml:28:13-36
38            android:label="@string/title_activity_game_over_blue" />
38-->src\main\AndroidManifest.xml:29:13-66
39        <activity
39-->src\main\AndroidManifest.xml:30:9-32:80
40            android:name="com.afridi.ludo.winYellow"
40-->src\main\AndroidManifest.xml:31:13-38
41            android:label="@string/title_activity_game_over_yellow" />
41-->src\main\AndroidManifest.xml:32:13-68
42    </application>
43
44</manifest>